<?xml version="1.0" encoding="UTF-8"?>
<testsuite xmlns:xsi="http://www.w3.org/2001/XMLSchema-instance" xsi:noNamespaceSchemaLocation="https://maven.apache.org/surefire/maven-surefire-plugin/xsd/surefire-test-report.xsd" name="co.uk.zoopla.runners.TestRunnerNegativeTest" time="27.805" tests="2" errors="1" skipped="0" failures="0">
  <properties>
[...]
</properties>
  <testcase name="Customer cannot search for empty location" classname="For Sale Properties" time="11.277">
    <error message="element click intercepted: Element &lt;input id=&quot;search-input-location&quot; type=&quot;text&quot; name=&quot;q&quot; class=&quot;search-input geo_autocomplete&quot; autocomplete=&quot;off&quot;&gt; is not clickable at point (474, 399). Other element would receive the click: &lt;span class=&quot;search-input-location-placeholder-1 &quot;&gt;...&lt;/span&gt;&#10;  (Session info: chrome=85.0.4183.102)&#10;Build info: version: &apos;3.141.59&apos;, revision: &apos;e82be7d358&apos;, time: &apos;2018-11-14T08:17:03&apos;&#10;System info: host: &apos;DESKTOP-4F8JTGQ&apos;, ip: &apos;192.168.1.213&apos;, os.name: &apos;Windows 10&apos;, os.arch: &apos;amd64&apos;, os.version: &apos;10.0&apos;, java.version: &apos;1.8.0_201&apos;&#10;Driver info: org.openqa.selenium.chrome.ChromeDriver&#10;Capabilities {acceptInsecureCerts: false, browserName: chrome, browserVersion: 85.0.4183.102, chrome: {chromedriverVersion: 85.0.4183.87 (cd6713ebf92fa..., userDataDir: C:\Users\D4TSOL~1\AppData\L...}, goog:chromeOptions: {debuggerAddress: localhost:50703}, javascriptEnabled: true, networkConnectionEnabled: false, pageLoadStrategy: normal, platform: WINDOWS, platformName: WINDOWS, proxy: Proxy(), setWindowRect: true, strictFileInteractability: false, timeouts: {implicit: 0, pageLoad: 300000, script: 30000}, unhandledPromptBehavior: dismiss and notify, webauthn:virtualAuthenticators: true}&#10;Session ID: 32a6495e49860b622a40d99fb6e87d8f" type="org.openqa.selenium.ElementClickInterceptedException"><![CDATA[org.openqa.selenium.ElementClickInterceptedException: 
element click intercepted: Element <input id="search-input-location" type="text" name="q" class="search-input geo_autocomplete" autocomplete="off"> is not clickable at point (474, 399). Other element would receive the click: <span class="search-input-location-placeholder-1 ">...</span>
  (Session info: chrome=85.0.4183.102)
Build info: version: '3.141.59', revision: 'e82be7d358', time: '2018-11-14T08:17:03'
System info: host: 'DESKTOP-4F8JTGQ', ip: '192.168.1.213', os.name: 'Windows 10', os.arch: 'amd64', os.version: '10.0', java.version: '1.8.0_201'
Driver info: org.openqa.selenium.chrome.ChromeDriver
Capabilities {acceptInsecureCerts: false, browserName: chrome, browserVersion: 85.0.4183.102, chrome: {chromedriverVersion: 85.0.4183.87 (cd6713ebf92fa..., userDataDir: C:\Users\D4TSOL~1\AppData\L...}, goog:chromeOptions: {debuggerAddress: localhost:50703}, javascriptEnabled: true, networkConnectionEnabled: false, pageLoadStrategy: normal, platform: WINDOWS, platformName: WINDOWS, proxy: Proxy(), setWindowRect: true, strictFileInteractability: false, timeouts: {implicit: 0, pageLoad: 300000, script: 30000}, unhandledPromptBehavior: dismiss and notify, webauthn:virtualAuthenticators: true}
Session ID: 32a6495e49860b622a40d99fb6e87d8f
]]></error>
    <system-out><![CDATA[
@negativeTest
Scenario: Customer cannot search for empty location  &amp#27;[90m# src/test/java/co/uk/zoopla/features/CustomerCanSearchForPropertiesForSale.feature:26&amp#27;[0m
  &amp#27;[32mGiven &amp#27;[0m&amp#27;[32mI navigate to zoopla homepage&amp#27;[0m                &amp#27;[90m# co.uk.zoopla.stepDefinitions.ForSaleSearchSteps.iNavigateToZooplaHomepage()&amp#27;[0m
  &amp#27;[31mWhen &amp#27;[0m&amp#27;[31mI enter &amp#27;[0m&amp#27;[31m&amp#27;[1m""&amp#27;[0m&amp#27;[31m into the search field&amp#27;[0m              &amp#27;[90m# co.uk.zoopla.stepDefinitions.ForSaleSearchSteps.i_enter_into_the_search_field(java.lang.String)&amp#27;[0m
      &amp#27;[31morg.openqa.selenium.ElementClickInterceptedException: element click intercepted: Element <input id="search-input-location" type="text" name="q" class="search-input geo_autocomplete" autocomplete="off"> is not clickable at point (474, 399). Other element would receive the click: <span class="search-input-location-placeholder-1 ">...</span>
  (Session info: chrome=85.0.4183.102)
Build info: version: '3.141.59', revision: 'e82be7d358', time: '2018-11-14T08:17:03'
System info: host: 'DESKTOP-4F8JTGQ', ip: '192.168.1.213', os.name: 'Windows 10', os.arch: 'amd64', os.version: '10.0', java.version: '1.8.0_201'
Driver info: org.openqa.selenium.chrome.ChromeDriver
Capabilities {acceptInsecureCerts: false, browserName: chrome, browserVersion: 85.0.4183.102, chrome: {chromedriverVersion: 85.0.4183.87 (cd6713ebf92fa..., userDataDir: C:\Users\D4TSOL~1\AppData\L...}, goog:chromeOptions: {debuggerAddress: localhost:50703}, javascriptEnabled: true, networkConnectionEnabled: false, pageLoadStrategy: normal, platform: WINDOWS, platformName: WINDOWS, proxy: Proxy(), setWindowRect: true, strictFileInteractability: false, timeouts: {implicit: 0, pageLoad: 300000, script: 30000}, unhandledPromptBehavior: dismiss and notify, webauthn:virtualAuthenticators: true}
Session ID: 32a6495e49860b622a40d99fb6e87d8f
	at sun.reflect.NativeConstructorAccessorImpl.newInstance0(Native Method)
	at sun.reflect.NativeConstructorAccessorImpl.newInstance(NativeConstructorAccessorImpl.java:62)
	at sun.reflect.DelegatingConstructorAccessorImpl.newInstance(DelegatingConstructorAccessorImpl.java:45)
	at java.lang.reflect.Constructor.newInstance(Constructor.java:423)
	at org.openqa.selenium.remote.http.W3CHttpResponseCodec.createException(W3CHttpResponseCodec.java:187)
	at org.openqa.selenium.remote.http.W3CHttpResponseCodec.decode(W3CHttpResponseCodec.java:122)
	at org.openqa.selenium.remote.http.W3CHttpResponseCodec.decode(W3CHttpResponseCodec.java:49)
	at org.openqa.selenium.remote.HttpCommandExecutor.execute(HttpCommandExecutor.java:158)
	at org.openqa.selenium.remote.service.DriverCommandExecutor.execute(DriverCommandExecutor.java:83)
	at org.openqa.selenium.remote.RemoteWebDriver.execute(RemoteWebDriver.java:552)
	at org.openqa.selenium.remote.RemoteWebElement.execute(RemoteWebElement.java:285)
	at org.openqa.selenium.remote.RemoteWebElement.click(RemoteWebElement.java:84)
	at sun.reflect.NativeMethodAccessorImpl.invoke0(Native Method)
	at sun.reflect.NativeMethodAccessorImpl.invoke(NativeMethodAccessorImpl.java:62)
	at sun.reflect.DelegatingMethodAccessorImpl.invoke(DelegatingMethodAccessorImpl.java:43)
	at java.lang.reflect.Method.invoke(Method.java:498)
	at org.openqa.selenium.support.pagefactory.internal.LocatingElementHandler.invoke(LocatingElementHandler.java:51)
	at com.sun.proxy.$Proxy18.click(Unknown Source)
	at co.uk.zoopla.pages.HomePage.enterLocation(HomePage.java:41)
	at co.uk.zoopla.stepDefinitions.ForSaleSearchSteps.i_enter_into_the_search_field(ForSaleSearchSteps.java:28)
	at âœ½.I enter "" into the search field(file:///C:/Projects/Migration/src/test/java/co/uk/zoopla/features/CustomerCanSearchForPropertiesForSale.feature:28)
&amp#27;[0m
  &amp#27;[36mAnd &amp#27;[0m&amp#27;[36mI click on Search button&amp#27;[0m                       &amp#27;[90m# co.uk.zoopla.stepDefinitions.ForSaleSearchSteps.i_click_on_search_button()&amp#27;[0m
  &amp#27;[36mThen &amp#27;[0m&amp#27;[36man error message is displayed on search field&amp#27;[0m &amp#27;[90m# co.uk.zoopla.stepDefinitions.ForSaleSearchSteps.an_error_message_is_displayed_on_search_field()&amp#27;[0m
]]></system-out>
    <system-err><![CDATA[Starting ChromeDriver 85.0.4183.87 (cd6713ebf92fa1cacc0f1a598df280093af0c5d7-refs/branch-heads/4183@{#1689}) on port 38191
Only local connections are allowed.
Please see https://chromedriver.chromium.org/security-considerations for suggestions on keeping ChromeDriver safe.
ChromeDriver was started successfully.
Sep 14, 2020 7:00:50 PM org.openqa.selenium.remote.ProtocolHandshake createSession
INFO: Detected dialect: W3C
]]></system-err>
  </testcase>
  <testcase name="Customer gets error page for invalid location" classname="For Sale Properties" time="15.8"/>
</testsuite>