<?xml version="1.0" encoding="UTF-8"?>
<testsuite xmlns:xsi="http://www.w3.org/2001/XMLSchema-instance" xsi:noNamespaceSchemaLocation="https://maven.apache.org/surefire/maven-surefire-plugin/xsd/surefire-test-report.xsd" name="co.uk.zoopla.runners.TestRunner" time="134.593" tests="4" errors="0" skipped="0" failures="0">
  <properties>
[...]
</properties>
  <testcase name="Customer can click on for sale tab link" classname="Customer can interact with tabs" time="49.09"/>
  <testcase name="Customer can search for any property" classname="For Sale Properties" time="36.999"/>
  <testcase name="Customer cannot search for empty location" classname="For Sale Properties" time="22.444"/>
  <testcase name="Customer gets error page for invalid location" classname="For Sale Properties" time="20.315"/>
</testsuite>